<?xml version="1.0" encoding="UTF-8"?>
<testng-results ignored="0" total="2" passed="2" failed="0" skipped="0">
  <reporter-output>
  </reporter-output>
  <suite started-at="2024-09-16T18:06:35 IST" name="Suite" finished-at="2024-09-16T18:06:47 IST" duration-ms="11901">
    <groups>
    </groups>
    <test started-at="2024-09-16T18:06:35 IST" name="Test" finished-at="2024-09-16T18:06:47 IST" duration-ms="11901">
      <class name="tests.LoginTest">
        <test-method is-config="true" signature="setUp()[pri:0, instance:tests.LoginTest@16293aa2]" started-at="2024-09-16T18:06:42 IST" name="setUp" finished-at="2024-09-16T18:06:44 IST" duration-ms="2387" status="PASS">
          <reporter-output>
          </reporter-output>
        </test-method> <!-- setUp -->
        <test-method signature="testlogin()[pri:0, instance:tests.LoginTest@16293aa2]" started-at="2024-09-16T18:06:44 IST" name="testlogin" finished-at="2024-09-16T18:06:47 IST" duration-ms="2558" status="PASS">
          <reporter-output>
          </reporter-output>
        </test-method> <!-- testlogin -->
        <test-method is-config="true" signature="tearDown()[pri:0, instance:tests.LoginTest@16293aa2]" started-at="2024-09-16T18:06:47 IST" name="tearDown" finished-at="2024-09-16T18:06:47 IST" duration-ms="606" status="PASS">
          <reporter-output>
          </reporter-output>
        </test-method> <!-- tearDown -->
      </class> <!-- tests.LoginTest -->
      <class name="tests.SignupTest">
        <test-method is-config="true" signature="setUp()[pri:0, instance:tests.SignupTest@32eff876]" started-at="2024-09-16T18:06:35 IST" name="setUp" finished-at="2024-09-16T18:06:39 IST" duration-ms="3737" status="PASS">
          <reporter-output>
          </reporter-output>
        </test-method> <!-- setUp -->
        <test-method signature="testSignup()[pri:0, instance:tests.SignupTest@32eff876]" started-at="2024-09-16T18:06:39 IST" name="testSignup" finished-at="2024-09-16T18:06:41 IST" duration-ms="1836" status="PASS">
          <reporter-output>
          </reporter-output>
        </test-method> <!-- testSignup -->
        <test-method is-config="true" signature="tearDown()[pri:0, instance:tests.SignupTest@32eff876]" started-at="2024-09-16T18:06:41 IST" name="tearDown" finished-at="2024-09-16T18:06:42 IST" duration-ms="729" status="PASS">
          <reporter-output>
          </reporter-output>
        </test-method> <!-- tearDown -->
      </class> <!-- tests.SignupTest -->
    </test> <!-- Test -->
  </suite> <!-- Suite -->
</testng-results>
